c:\users\daniel\downloads\fortnite-external-source-main\um\x64\debug\vc143.pdb
c:\users\daniel\downloads\fortnite-external-source-main\um\x64\debug\main.obj
c:\users\daniel\downloads\fortnite-external-source-main\um\x64\debug\imgui_widgets.obj
c:\users\daniel\downloads\fortnite-external-source-main\um\x64\debug\imgui_tables.obj
c:\users\daniel\downloads\fortnite-external-source-main\um\x64\debug\imgui_impl_win32.obj
c:\users\daniel\downloads\fortnite-external-source-main\um\x64\debug\imgui_impl_dx9.obj
c:\users\daniel\downloads\fortnite-external-source-main\um\x64\debug\imgui_draw.obj
c:\users\daniel\downloads\fortnite-external-source-main\um\x64\debug\imgui_demo.obj
c:\users\daniel\downloads\fortnite-external-source-main\um\x64\debug\imgui.obj
c:\users\daniel\downloads\fortnite-external-source-main\um\x64\debug\um.exe
c:\users\daniel\downloads\fortnite-external-source-main\um\x64\debug\um.ilk
c:\users\daniel\downloads\fortnite-external-source-main\um\x64\debug\um.pdb
c:\users\daniel\downloads\fortnite-external-source-main\um\x64\debug\vc143.idb
c:\users\daniel\downloads\fortnite-external-source-main\um\x64\debug\um.tlog\cl.command.1.tlog
c:\users\daniel\downloads\fortnite-external-source-main\um\x64\debug\um.tlog\cl.items.tlog
c:\users\daniel\downloads\fortnite-external-source-main\um\x64\debug\um.tlog\cl.read.1.tlog
c:\users\daniel\downloads\fortnite-external-source-main\um\x64\debug\um.tlog\cl.write.1.tlog
c:\users\daniel\downloads\fortnite-external-source-main\um\x64\debug\um.tlog\link.command.1.tlog
c:\users\daniel\downloads\fortnite-external-source-main\um\x64\debug\um.tlog\link.read.1.tlog
c:\users\daniel\downloads\fortnite-external-source-main\um\x64\debug\um.tlog\link.write.1.tlog
